
Running tests... 
----------------------------------------------------------------------
 test_versus_gameplay (GameTest.GameTest.test_versus_gameplay) ... ERROR (17.808886)s
 test_leaderboard_update (UpdateTest.UpdateTest.test_leaderboard_update) ... OK (32.869315)s
 test_watch_realtime (UpdateTest.UpdateTest.test_watch_realtime) ... OK (12.373888)s
 test_send_message (UserAccountTest.UserAccountTest.test_send_message) ... ERROR (22.467051)s

======================================================================
ERROR [17.808886s]: GameTest.GameTest.test_versus_gameplay
----------------------------------------------------------------------
Traceback (most recent call last):
  File "c:\Users\laxjo\OneDrive\Desktop\Capstone\aldwairi-projects-danglingpointers\application\backend\test\GameTest.py", line 167, in test_versus_gameplay
    webdriverwait2.until(EC.presence_of_element_located((By.ID, "join-game"))).click()
    ^^^^^^^^^^^^^^^^^^^^^^^^^^^^^^^^^^^^^^^^^^^^^^^^^^^^^^^^^^^^^^^^^^^^^^^^^^
  File "C:\Users\laxjo\OneDrive\Desktop\Capstone\aldwairi-projects-danglingpointers\.venv\Lib\site-packages\selenium\webdriver\support\wait.py", line 105, in until
    raise TimeoutException(message, screen, stacktrace)
selenium.common.exceptions.TimeoutException: Message: 
Stacktrace:
	GetHandleVerifier [0x00007FF63BA46CF5+28821]
	(No symbol) [0x00007FF63B9B3880]
	(No symbol) [0x00007FF63B85578A]
	(No symbol) [0x00007FF63B8A91BE]
	(No symbol) [0x00007FF63B8A94AC]
	(No symbol) [0x00007FF63B8F2647]
	(No symbol) [0x00007FF63B8CF33F]
	(No symbol) [0x00007FF63B8EF412]
	(No symbol) [0x00007FF63B8CF0A3]
	(No symbol) [0x00007FF63B89A778]
	(No symbol) [0x00007FF63B89B8E1]
	GetHandleVerifier [0x00007FF63BD7FCED+3408013]
	GetHandleVerifier [0x00007FF63BD9745F+3504127]
	GetHandleVerifier [0x00007FF63BD8B63D+3455453]
	GetHandleVerifier [0x00007FF63BB0BDFB+835995]
	(No symbol) [0x00007FF63B9BEB9F]
	(No symbol) [0x00007FF63B9BA854]
	(No symbol) [0x00007FF63B9BA9ED]
	(No symbol) [0x00007FF63B9AA1D9]
	BaseThreadInitThunk [0x00007FFDEE58259D+29]
	RtlUserThreadStart [0x00007FFDEFECAF38+40]


======================================================================
ERROR [22.467051s]: UserAccountTest.UserAccountTest.test_send_message
----------------------------------------------------------------------
Traceback (most recent call last):
  File "c:\Users\laxjo\OneDrive\Desktop\Capstone\aldwairi-projects-danglingpointers\application\backend\test\UserAccountTest.py", line 168, in test_send_message
    received_message = webdriverwait2.until(
                       ^^^^^^^^^^^^^^^^^^^^^
  File "C:\Users\laxjo\OneDrive\Desktop\Capstone\aldwairi-projects-danglingpointers\.venv\Lib\site-packages\selenium\webdriver\support\wait.py", line 105, in until
    raise TimeoutException(message, screen, stacktrace)
selenium.common.exceptions.TimeoutException: Message: 
Stacktrace:
	GetHandleVerifier [0x00007FF63BA46CF5+28821]
	(No symbol) [0x00007FF63B9B3880]
	(No symbol) [0x00007FF63B85578A]
	(No symbol) [0x00007FF63B8A91BE]
	(No symbol) [0x00007FF63B8A94AC]
	(No symbol) [0x00007FF63B8F2647]
	(No symbol) [0x00007FF63B8CF33F]
	(No symbol) [0x00007FF63B8EF412]
	(No symbol) [0x00007FF63B8CF0A3]
	(No symbol) [0x00007FF63B89A778]
	(No symbol) [0x00007FF63B89B8E1]
	GetHandleVerifier [0x00007FF63BD7FCED+3408013]
	GetHandleVerifier [0x00007FF63BD9745F+3504127]
	GetHandleVerifier [0x00007FF63BD8B63D+3455453]
	GetHandleVerifier [0x00007FF63BB0BDFB+835995]
	(No symbol) [0x00007FF63B9BEB9F]
	(No symbol) [0x00007FF63B9BA854]
	(No symbol) [0x00007FF63B9BA9ED]
	(No symbol) [0x00007FF63B9AA1D9]
	BaseThreadInitThunk [0x00007FFDEE58259D+29]
	RtlUserThreadStart [0x00007FFDEFECAF38+40]


----------------------------------------------------------------------
Ran 4 tests in 0:01:33

FAILED
 (Errors=2)

Generating HTML reports... 
reports\TestResults_UpdateTest_GameTest_UserAccountTest_2024-12-07_17-02-46.html
